Vivado Simulator v2023.1
Copyright 1986-2022 Xilinx, Inc. All Rights Reserved.
Copyright 2022-2023 Advanced Micro Devices, Inc. All Rights Reserved.
Running: /usr/local/insa/Xilinx/Vivado/2023.1/bin/unwrapped/lnx64.o/xelab --incr --debug typical --relax --mt 8 -L xil_defaultlib -L unisims_ver -L secureip --snapshot tb_proc_func_synth xil_defaultlib.tb_proc xil_defaultlib.glbl -log elaborate.log 
Using 8 slave threads.
Starting static elaboration
Pass Through NonSizing Optimizer
WARNING: [VRFC 10-1409] subtype of case expression is not locally static [/home/gnanguessim/Bureau/VHDL_CIRCUIT_NUM/proc_v1/proc_v1.srcs/sources_1/new/Constantes.vhd:184]
WARNING: [VRFC 10-1409] subtype of case expression is not locally static [/home/gnanguessim/Bureau/VHDL_CIRCUIT_NUM/proc_v1/proc_v1.srcs/sources_1/new/Constantes.vhd:147]
WARNING: [VRFC 10-1409] subtype of case expression is not locally static [/home/gnanguessim/Bureau/VHDL_CIRCUIT_NUM/proc_v1/proc_v1.srcs/sources_1/new/proc.vhd:267]
WARNING: [VRFC 10-1409] subtype of case expression is not locally static [/home/gnanguessim/Bureau/VHDL_CIRCUIT_NUM/proc_v1/proc_v1.srcs/sources_1/new/proc.vhd:272]
WARNING: [VRFC 10-1409] subtype of case expression is not locally static [/home/gnanguessim/Bureau/VHDL_CIRCUIT_NUM/proc_v1/proc_v1.srcs/sources_1/new/proc.vhd:277]
WARNING: [VRFC 10-1409] subtype of case expression is not locally static [/home/gnanguessim/Bureau/VHDL_CIRCUIT_NUM/proc_v1/proc_v1.srcs/sources_1/new/Constantes.vhd:173]
WARNING: [VRFC 10-1409] subtype of case expression is not locally static [/home/gnanguessim/Bureau/VHDL_CIRCUIT_NUM/proc_v1/proc_v1.srcs/sources_1/new/Constantes.vhd:160]
WARNING: [VRFC 10-1409] subtype of case expression is not locally static [/home/gnanguessim/Bureau/VHDL_CIRCUIT_NUM/proc_v1/proc_v1.srcs/sources_1/new/Constantes.vhd:197]
Completed static elaboration
Starting simulation data flow analysis
Completed simulation data flow analysis
Time Resolution for simulation is 1ps
Compiling package std.standard
Compiling package std.textio
Compiling package ieee.std_logic_1164
Compiling package ieee.numeric_std
Compiling package xil_defaultlib.proc_util
Compiling module xil_defaultlib.glbl
Compiling architecture behavioral of entity xil_defaultlib.memoire_instructions [memoire_instructions_default]
Compiling architecture behavioral_async_r of entity xil_defaultlib.banc_de_registres [banc_de_registres_default]
Compiling architecture behavioral of entity xil_defaultlib.ALU_8BITS [alu_8bits_default]
Compiling architecture behavioral of entity xil_defaultlib.memoire_donnee [memoire_donnee_default]
Compiling architecture behavioral of entity xil_defaultlib.proc [proc_default]
Compiling architecture behavioral of entity xil_defaultlib.tb_proc
Built simulation snapshot tb_proc_func_synth
